21:28:50| Marble count     = 1000
21:28:50| Marble delay     = 0.01
21:28:50| Marbles in a bag = 7
21:28:50| Bagger delay     = 0.05
21:28:50| Assembler delay  = 0.05
21:28:50| Wrapper delay    = 0.05
21:28:50| Create the processes
21:28:50| Starting the processes
21:28:50| Waiting for processes to finish
21:29:02| Contents of boxes.txt
21:29:02| Created - 21:28:51.847156: Large marble: Apollo, marbles: Mode Beige, White Smoke, Zomp, Mint Cream, Brown, Pale Cerulean, Almond
21:29:02| Created - 21:28:51.917375: Large marble: Spinner, marbles: Mode Beige, Middle Red Purple, Maximum Blue, Mimi Pink, Mimi Pink, Brink Pink, Maximum Purple
21:29:02| Created - 21:28:51.990564: Large marble: Spinner, marbles: Mint Green, Outrageous Orange, Black Coral, Pastel Gray, Orange Soda, Blue, Mode Beige
21:29:02| Created - 21:28:52.063798: Large marble: Hercules, marbles: Vegas Gold, Maximum Blue, Russian Green, Slate Blue, Purple, Middle Green, Duke Blue
21:29:02| Created - 21:28:52.134730: Large marble: Big Joe, marbles: Pale Plum, Brink Pink, Rose Quartz, Safety Yellow, Fiery Rose, Lavender Purple, Tuscan Brown
21:29:02| Created - 21:28:52.206948: Large marble: Sure Shot, marbles: Isabelline, Pale Plum, Mimi Pink, Rose Dust, Slate Blue, Thulian Pink, Granny Smith Apple
21:29:02| Created - 21:28:52.279737: Large marble: Lucky, marbles: Ivory, Spanish Carmine, Venetian Red, Orange Soda, Rose Quartz, Mode Beige, Almond
21:29:02| Created - 21:28:52.352608: Large marble: Big Joe, marbles: White Smoke, Slate Blue, Golden Yellow, Brink Pink, Neon Pink, Orange Soda, Candy Pink
21:29:02| Created - 21:28:52.425777: Large marble: Hercules, marbles: Dark Fuchsia, Golden Yellow, Emerald, Liver Chestnut, Indigo, Venetian Red, Pale Taupe
21:29:02| Created - 21:28:52.498850: Large marble: Zeus, marbles: Cotton Candy, Brink Pink, Duke Blue, Gold, Pale Cerulean, Mode Beige, Antique Brass
21:29:02| Created - 21:28:52.572659: Large marble: Hercules, marbles: Antique Bronze, Spanish Orange, Lilac Luster, Royal Orange, Orange Soda, Rose Dust, Orange Peel
21:29:02| Created - 21:28:52.646151: Large marble: Hercules, marbles: Zomp, Golden Yellow, Lumber, Spanish Orange, Stop Red, Slate Blue, Golden Yellow
21:29:02| Created - 21:28:52.717066: Large marble: Winner, marbles: Maximum Violet, Indigo, Purple, Gold, Ruby, Almond, Gold
21:29:02| Created - 21:28:52.789893: Large marble: Big Joe, marbles: Mint Green, Orange Peel, Blue-Green, Rose Quartz, Outrageous Orange, Orange Peel, Arylide Yellow
21:29:02| Created - 21:28:52.862250: Large marble: 5-Star, marbles: Mint Cream, Neon Dark Green, Pastel Blue, Liver Chestnut, Silver Pink, Rose Dust, Blue Bell
21:29:02| Created - 21:28:52.935400: Large marble: Hercules, marbles: Candy Pink, Emerald, Neon Pink, Silver Chalice, Icterine, Honeydew, Light Orchid
21:29:02| Created - 21:28:53.008616: Large marble: Hercules, marbles: Lavender Blue, Stop Red, Mango Tango, Outrageous Orange, Ruby, Pale Cerulean, Middle Red Purple
21:29:02| Created - 21:28:53.082215: Large marble: Big Joe, marbles: Lemon Lime, Zomp, Royal Blue, Sage, Thulian Pink, Mint Green, Auburn
21:29:02| Created - 21:28:53.155901: Large marble: Spinner, marbles: Rose Quartz, Sheen Green, Auburn, Purple, Rose Quartz, Middle Green Yellow, Arylide Yellow
21:29:02| Created - 21:28:53.227966: Large marble: Spinner, marbles: Honeydew, White Smoke, Neon Silver, Mode Beige, Purple, Russian Violet, Indigo
21:29:02| Created - 21:28:53.302910: Large marble: Apollo, marbles: Maximum Blue, Emerald, Tuscan Brown, Middle Red Purple, Emerald, Lavender Blue, Safety Yellow
21:29:02| Created - 21:28:53.374127: Large marble: Zeus, marbles: Shandy, Stop Red, Orange Soda, Russian Violet, Russian Green, Cotton Candy, Honeydew
21:29:02| Created - 21:28:53.448097: Large marble: Spinner, marbles: Mango Tango, Thulian Pink, Duke Blue, Zomp, Mimi Pink, Russian Green, Sheen Green
21:29:02| Created - 21:28:53.519262: Large marble: 5-Star, marbles: Arylide Yellow, Mode Beige, Outrageous Orange, Royal Red, Middle Green, Royal Red, Middle Green Yellow
21:29:02| Created - 21:28:53.591414: Large marble: Winner, marbles: Granny Smith Apple, Venetian Red, Lemon Lime, La Salle Green, Mulberry, Arylide Yellow, Black Coral
21:29:02| Created - 21:28:53.663892: Large marble: Hercules, marbles: Liver Chestnut, Pale Plum, Thulian Pink, Cotton Candy, Granny Smith Apple, La Salle Green, Candy Pink
21:29:02| Created - 21:28:53.735864: Large marble: Lucky, marbles: Rose Quartz, Golden Yellow, Maximum Blue, Ruby, Thulian Pink, Cobalt Blue, Candy Pink
21:29:02| Created - 21:28:53.810316: Large marble: Lucky, marbles: Green, Black Coral, Shandy, Beaver, Spanish Pink, Eerie Black, Arylide Yellow
21:29:02| Created - 21:28:53.881718: Large marble: Spinner, marbles: Honeydew, Platinum, Russian Violet, Blue, Candy Pink, Royal Orange, Middle Green
21:29:02| Created - 21:28:53.954102: Large marble: Winner, marbles: Royal Red, Candy Pink, Middle Red Purple, Dark Moss Green, Antique Bronze, Bistre Brown, Orange Peel
21:29:02| Created - 21:28:54.026059: Large marble: Big Joe, marbles: Sage, Brink Pink, Indigo, Beaver, Russian Green, Zomp, Lavender Purple
21:29:02| Created - 21:28:54.098507: Large marble: Sure Shot, marbles: Neon Silver, Icterine, Lemon Lime, Mint Green, Royal Red, Spanish Pink, Ivory
21:29:02| Created - 21:28:54.170890: Large marble: Hercules, marbles: Duke Blue, La Salle Green, Mulberry, Neon Pink, Platinum, Light Orange, Mint Cream
21:29:02| Created - 21:28:54.243970: Large marble: Hercules, marbles: Ruby, Rose Quartz, Emerald, Outrageous Orange, Russian Green, Maximum Purple, Royal Red
21:29:02| Created - 21:28:54.315911: Large marble: Zeus, marbles: Purple, Zomp, Eerie Black, Lilac Luster, Pale Taupe, Spanish Pink, Indigo
21:29:02| Created - 21:28:54.388596: Large marble: Big Joe, marbles: Blue-Green, Purple Plum, Golden Yellow, Vegas Gold, Maximum Purple, Chinese Red, Chinese Red
21:29:02| Created - 21:28:54.461118: Large marble: Hercules, marbles: Light Orange, Dark Fuchsia, Tuscan Brown, Fiery Rose, Royal Blue, Rose Quartz, Golden Yellow
21:29:02| Created - 21:28:54.532226: Large marble: Zeus, marbles: Dark Fuchsia, Blue, Mango Tango, Purple, White Smoke, Cotton Candy, Almond
21:29:02| Created - 21:28:54.606304: Large marble: Zeus, marbles: Middle Green Yellow, Gold, Pale Cerulean, Neon Pink, Lilac Luster, Auburn, Neon Silver
21:29:02| Created - 21:28:54.678534: Large marble: Lucky, marbles: Middle Red Purple, Zomp, Almond, Terra Cotta, Russian Green, Pastel Blue, Green
21:29:02| Created - 21:28:54.750201: Large marble: Apollo, marbles: Silver Pink, Ruby, Maximum Violet, Black Coral, Purple, Bistre Brown, Lavender Purple
21:29:02| Created - 21:28:54.822806: Large marble: Zeus, marbles: Middle Green Yellow, Royal Blue, Maximum Blue, Auburn, Isabelline, Platinum, Antique Brass
21:29:02| Created - 21:28:54.895210: Large marble: 5-Star, marbles: Dark Moss Green, Zomp, Light Orchid, Gold, Mint Green, Middle Green, Blue
21:29:02| Created - 21:28:54.968158: Large marble: Big Joe, marbles: Middle Red Purple, Golden Yellow, Shandy, Royal Red, Sheen Green, Dark Moss Green, Lemon Lime
21:29:02| Created - 21:28:55.039534: Large marble: Spinner, marbles: Cotton Candy, Orange Soda, Cotton Candy, Icterine, Terra Cotta, Isabelline, Stop Red
21:29:02| Created - 21:28:55.111977: Large marble: Hercules, marbles: Mimi Pink, Mint Green, Lilac Luster, Pale Goldenrod, Tuscan Brown, Light Orange, Antique Brass
21:29:02| Created - 21:28:55.183926: Large marble: Big Joe, marbles: Royal Orange, Slate Blue, Lavender Blue, Orange Soda, Golden Yellow, Green, Dark Fuchsia
21:29:02| Created - 21:28:55.256594: Large marble: Lucky, marbles: Antique Brass, Royal Blue, Blue Bell, Mimi Pink, Lumber, Spanish Carmine, Dark Moss Green
21:29:02| Created - 21:28:55.328450: Large marble: Sure Shot, marbles: Neon Dark Green, Antique Brass, Shandy, Orange Soda, Dark Fuchsia, Maximum Purple, Green
21:29:02| Created - 21:28:55.401110: Large marble: Apollo, marbles: Outrageous Orange, Middle Green Yellow, Tuscan Brown, Russian Violet, Zomp, Pale Goldenrod, Lavender Blue
21:29:02| Created - 21:28:55.473016: Large marble: 5-Star, marbles: Almond, Lumber, Chinese Red, Icterine, Beaver, Mulberry, Middle Green Yellow
21:29:02| Created - 21:28:55.547066: Large marble: Zeus, marbles: Maximum Violet, Lilac Luster, Rose Quartz, Icterine, Thulian Pink, Ruby, Cobalt Blue
21:29:02| Created - 21:28:55.618925: Large marble: Sure Shot, marbles: Outrageous Orange, Brown, Lilac Luster, Royal Orange, Mimi Pink, Blue-Green, Candy Pink
21:29:02| Created - 21:28:55.691424: Large marble: Apollo, marbles: Platinum, Brown, Green, Maximum Purple, Spanish Carmine, Pale Taupe, Emerald
21:29:02| Created - 21:28:55.763780: Large marble: Apollo, marbles: Cobalt Blue, Icterine, Zomp, Shandy, Maximum Purple, Neon Pink, Stop Red
21:29:02| Created - 21:28:55.836701: Large marble: Zeus, marbles: Thulian Pink, Outrageous Orange, Stop Red, Blue, Dark Fuchsia, Gold, Thulian Pink
21:29:02| Created - 21:28:55.910194: Large marble: Sure Shot, marbles: Maximum Blue, Neon Pink, Spanish Pink, Pale Goldenrod, Shandy, Blue Bell, Pale Cerulean
21:29:02| Created - 21:28:55.983528: Large marble: Apollo, marbles: Mint Green, Orange Peel, Light Orange, Slate Blue, Russian Green, Pastel Blue, Mint Cream
21:29:02| Created - 21:28:56.055227: Large marble: Spinner, marbles: Honeydew, Pale Goldenrod, Royal Blue, Chinese Red, Fiery Rose, Pale Goldenrod, Dark Fuchsia
21:29:02| Created - 21:28:56.128372: Large marble: Apollo, marbles: Arylide Yellow, Gold, Neon Dark Green, Arylide Yellow, Dark Moss Green, Spanish Pink, Outrageous Orange
21:29:02| Created - 21:28:56.200681: Large marble: Lucky, marbles: Sage, Platinum, Outrageous Orange, Indigo, Green, La Salle Green, Lavender Blue
21:29:02| Created - 21:28:56.273886: Large marble: Sure Shot, marbles: Safety Yellow, Honeydew, Blue-Green, Light Orange, Orange Peel, Mango Tango, Neon Silver
21:29:02| Created - 21:28:56.346593: Large marble: Sure Shot, marbles: Almond, Shandy, Royal Red, Stop Red, Spanish Carmine, Spanish Carmine, Antique Bronze
21:29:02| Created - 21:28:56.420464: Large marble: Sure Shot, marbles: Indigo, Indigo, Purple, Vegas Gold, Neon Dark Green, Outrageous Orange, Middle Red Purple
21:29:02| Created - 21:28:56.492323: Large marble: Spinner, marbles: Indigo, Stop Red, Granny Smith Apple, Maximum Purple, Maximum Purple, Blue-Green, Mint Green
21:29:02| Created - 21:28:56.566169: Large marble: 5-Star, marbles: Pale Taupe, Pale Goldenrod, Bistre Brown, Zomp, Pale Goldenrod, Vegas Gold, Spanish Orange
21:29:02| Created - 21:28:56.639030: Large marble: 5-Star, marbles: Shandy, Maximum Purple, Pale Cerulean, Shandy, Candy Pink, Spanish Pink, Honeydew
21:29:02| Created - 21:28:56.709828: Large marble: Spinner, marbles: Pastel Blue, Green, Pale Cerulean, Russian Violet, Orange Soda, Neon Dark Green, Platinum
21:29:02| Created - 21:28:56.781920: Large marble: 5-Star, marbles: Pale Taupe, Russian Violet, Neon Dark Green, Outrageous Orange, Brown, Rose Quartz, Bistre Brown
21:29:02| Created - 21:28:56.856120: Large marble: Spinner, marbles: Icterine, Purple, Sheen Green, Royal Orange, Dark Moss Green, Mango Tango, Lavender Purple
21:29:02| Created - 21:28:56.930592: Large marble: Big Joe, marbles: Bistre Brown, Orange Soda, Isabelline, Pastel Blue, Mimi Pink, Tuscan Brown, Middle Green
21:29:02| Created - 21:28:57.007093: Large marble: Sure Shot, marbles: Ivory, Arylide Yellow, Lavender Purple, Thulian Pink, Lemon Lime, Maximum Blue, Thulian Pink
21:29:02| Created - 21:28:57.080659: Large marble: Apollo, marbles: Cotton Candy, Dark Moss Green, Pale Taupe, Royal Blue, Green, Antique Brass, White Smoke
21:29:02| Created - 21:28:57.154879: Large marble: Winner, marbles: Emerald, Thulian Pink, Ivory, Neon Silver, Beaver, Honeydew, Orange Peel
21:29:02| Created - 21:28:57.228402: Large marble: Hercules, marbles: Pastel Gray, Royal Orange, Stop Red, Spanish Pink, Gold, Mimi Pink, Neon Dark Green
21:29:02| Created - 21:28:57.301784: Large marble: Zeus, marbles: Orange Soda, Gold, Dark Moss Green, Icterine, Tuscan Brown, Arylide Yellow, Pale Plum
21:29:02| Created - 21:28:57.375586: Large marble: Hercules, marbles: Mimi Pink, Spanish Orange, White Smoke, Emerald, Vegas Gold, Light Orchid, Bistre Brown
21:29:02| Created - 21:28:57.449344: Large marble: Sure Shot, marbles: Liver Chestnut, Mulberry, Dark Fuchsia, Dark Fuchsia, Sheen Green, Candy Pink, Maximum Blue
21:29:02| Created - 21:28:57.524904: Large marble: Sure Shot, marbles: Blue, Candy Pink, Royal Red, Shandy, Duke Blue, Honeydew, Bistre Brown
21:29:02| Created - 21:28:57.598817: Large marble: Zeus, marbles: Pale Plum, La Salle Green, Blue Bell, Neon Silver, Light Orange, Mode Beige, Fiery Rose
21:29:02| Created - 21:28:57.672865: Large marble: Lucky, marbles: Slate Blue, Shandy, Cobalt Blue, Rose Dust, Purple Plum, Auburn, Blue
21:29:02| Created - 21:28:57.747606: Large marble: Big Joe, marbles: Lemon Lime, Lavender Blue, Neon Dark Green, Silver Pink, Pastel Gray, Lemon Lime, Maximum Violet
21:29:02| Created - 21:28:57.823333: Large marble: Apollo, marbles: Platinum, Light Orange, Pale Goldenrod, Pale Taupe, Blue Bell, Russian Green, Maximum Blue
21:29:02| Created - 21:28:57.897241: Large marble: 5-Star, marbles: Indigo, Outrageous Orange, Neon Pink, Sheen Green, Brown, Maximum Blue, Pale Goldenrod
21:29:02| Created - 21:28:57.972363: Large marble: Spinner, marbles: Maximum Blue, Mango Tango, Pale Plum, Gold, Cobalt Blue, Mimi Pink, Liver Chestnut
21:29:02| Created - 21:28:58.044580: Large marble: Lucky, marbles: Pale Taupe, White Smoke, Candy Pink, Sage, Orange Soda, Outrageous Orange, Mimi Pink
21:29:02| Created - 21:28:58.117404: Large marble: Lucky, marbles: Mint Green, Pale Taupe, Black Coral, Russian Green, Slate Blue, Safety Yellow, Mango Tango
21:29:02| Created - 21:28:58.189689: Large marble: 5-Star, marbles: Safety Yellow, Blue, Royal Red, Neon Silver, Safety Yellow, Golden Yellow, Spanish Carmine
21:29:02| Created - 21:28:58.263637: Large marble: Winner, marbles: Middle Green Yellow, Granny Smith Apple, Liver Chestnut, Neon Silver, Middle Green, Russian Violet, Dark Fuchsia
21:29:02| Created - 21:28:58.337460: Large marble: Lucky, marbles: Lavender Purple, Arylide Yellow, Fiery Rose, Gold, Pastel Gray, Orange Soda, Pastel Blue
21:29:02| Created - 21:28:58.410196: Large marble: Lucky, marbles: Tuscan Brown, Purple Plum, Cobalt Blue, Mint Cream, Ivory, Sage, Eerie Black
21:29:02| Created - 21:28:58.515407: Large marble: Lucky, marbles: Purple, Mint Cream, Ruby, Neon Dark Green, Light Orchid, Antique Bronze, Vegas Gold
21:29:02| Created - 21:28:58.587999: Large marble: Sure Shot, marbles: Lumber, Golden Yellow, Lemon Lime, Purple, Liver Chestnut, Orange Soda, Arylide Yellow
21:29:02| Created - 21:28:58.660335: Large marble: Sure Shot, marbles: Auburn, Zomp, Green, Silver Pink, Orange Soda, Silver Pink, Ivory
21:29:02| Created - 21:28:58.732944: Large marble: Hercules, marbles: Thulian Pink, Rose Quartz, Silver Chalice, Sheen Green, Auburn, Middle Red Purple, Outrageous Orange
21:29:02| Created - 21:28:58.804992: Large marble: Apollo, marbles: Eerie Black, Dark Fuchsia, Green, Pastel Gray, Safety Yellow, Thulian Pink, Middle Green Yellow
21:29:02| Created - 21:28:58.879149: Large marble: 5-Star, marbles: Lumber, Russian Green, Maximum Purple, White Smoke, Platinum, Royal Red, Vegas Gold
21:29:02| Created - 21:28:58.951293: Large marble: Lucky, marbles: Cotton Candy, Spanish Pink, Duke Blue, Beaver, Green, Bistre Brown, Stop Red
21:29:02| Created - 21:28:59.024997: Large marble: Spinner, marbles: Maximum Violet, Purple, Pale Plum, Maximum Purple, Lemon Lime, Lemon Lime, Antique Bronze
21:29:02| Created - 21:28:59.099200: Large marble: Big Joe, marbles: Royal Red, Orange Soda, Pale Taupe, Outrageous Orange, Orange Soda, Maximum Violet, Sheen Green
21:29:02| Created - 21:28:59.172052: Large marble: Lucky, marbles: Antique Bronze, Neon Silver, Ivory, Isabelline, Golden Yellow, Blue, Eerie Black
21:29:02| Created - 21:28:59.246035: Large marble: Zeus, marbles: Blue-Green, Stop Red, Honeydew, Royal Orange, Spanish Carmine, Cotton Candy, Silver Chalice
21:29:02| Created - 21:28:59.319452: Large marble: 5-Star, marbles: Honeydew, Candy Pink, Dark Moss Green, Lilac Luster, Gold, Blue, Pale Goldenrod
21:29:02| Created - 21:28:59.392453: Large marble: Hercules, marbles: Royal Blue, Light Orange, Rose Quartz, Pastel Gray, Icterine, Blue Bell, Antique Bronze
21:29:02| Created - 21:28:59.465396: Large marble: Zeus, marbles: Royal Blue, Bistre Brown, White Smoke, Duke Blue, Sage, Neon Pink, Beaver
21:29:02| Created - 21:28:59.536915: Large marble: Winner, marbles: Terra Cotta, Cotton Candy, Sheen Green, Honeydew, Ivory, Golden Yellow, Beaver
21:29:02| Created - 21:28:59.609263: Large marble: Big Joe, marbles: Lumber, Pastel Blue, Mint Green, Neon Silver, Duke Blue, Orange Peel, Blue Bell
21:29:02| Created - 21:28:59.683610: Large marble: 5-Star, marbles: Outrageous Orange, Honeydew, Middle Red Purple, Platinum, Mulberry, Light Orange, Purple
21:29:02| Created - 21:28:59.755872: Large marble: Hercules, marbles: Mint Green, Mulberry, Brink Pink, Spanish Pink, Lemon Lime, Russian Green, Rose Dust
21:29:02| Created - 21:28:59.827696: Large marble: Apollo, marbles: Chinese Red, Indigo, Venetian Red, Eerie Black, Arylide Yellow, Platinum, Pastel Gray
21:29:02| Created - 21:28:59.898866: Large marble: Hercules, marbles: Pale Plum, Pastel Gray, Cobalt Blue, Light Orange, Neon Pink, Spanish Carmine, Eerie Black
21:29:02| Created - 21:28:59.972031: Large marble: Apollo, marbles: Icterine, Eerie Black, Blue-Green, Shandy, Brink Pink, Light Orchid, Stop Red
21:29:02| Created - 21:29:00.044808: Large marble: Hercules, marbles: Icterine, Brink Pink, Mango Tango, Auburn, Beaver, Liver Chestnut, Bistre Brown
21:29:02| Created - 21:29:00.118226: Large marble: Zeus, marbles: Icterine, Beaver, Middle Green Yellow, Neon Pink, Middle Red Purple, Lilac Luster, Lavender Blue
21:29:02| Created - 21:29:00.190470: Large marble: Apollo, marbles: Mint Green, Granny Smith Apple, Middle Green, Royal Orange, Platinum, Rose Dust, Honeydew
21:29:02| Created - 21:29:00.263018: Large marble: Apollo, marbles: Gold, Brink Pink, Royal Red, Platinum, Royal Red, Pastel Blue, Lavender Blue
21:29:02| Created - 21:29:00.335593: Large marble: Spinner, marbles: Royal Red, Pastel Blue, Middle Green, Middle Red Purple, Pale Goldenrod, Brink Pink, Silver Chalice
21:29:02| Created - 21:29:00.408335: Large marble: 5-Star, marbles: Lilac Luster, Green, Royal Blue, Ivory, Dark Fuchsia, Fiery Rose, Duke Blue
21:29:02| Created - 21:29:00.481405: Large marble: Spinner, marbles: Safety Yellow, Neon Dark Green, Lemon Lime, Royal Blue, Mint Cream, Bistre Brown, Royal Orange
21:29:02| Created - 21:29:00.554229: Large marble: Sure Shot, marbles: Blue, Pale Cerulean, Neon Silver, Rose Quartz, Indigo, Dark Fuchsia, Slate Blue
21:29:02| Created - 21:29:00.626454: Large marble: Spinner, marbles: Brown, Mulberry, Middle Green, Lemon Lime, Isabelline, Isabelline, Almond
21:29:02| Created - 21:29:00.699163: Large marble: Hercules, marbles: Orange Soda, Neon Pink, Silver Pink, Spanish Orange, Beaver, Ivory, Shandy
21:29:02| Created - 21:29:00.770957: Large marble: Hercules, marbles: Beaver, Royal Blue, Green, Thulian Pink, Lilac Luster, Lilac Luster, Russian Green
21:29:02| Created - 21:29:00.843045: Large marble: Lucky, marbles: Outrageous Orange, Zomp, Antique Brass, Gold, Stop Red, Antique Bronze, Almond
21:29:02| Created - 21:29:00.915149: Large marble: Hercules, marbles: Dark Fuchsia, Mode Beige, Shandy, Brink Pink, Platinum, Terra Cotta, Fiery Rose
21:29:02| Created - 21:29:00.989732: Large marble: Big Joe, marbles: Neon Silver, Ruby, Antique Brass, Almond, Zomp, Chinese Red, Ivory
21:29:02| Created - 21:29:01.061945: Large marble: Hercules, marbles: Neon Pink, Auburn, Pale Cerulean, Terra Cotta, Terra Cotta, Thulian Pink, Maximum Blue
21:29:02| Created - 21:29:01.134650: Large marble: Apollo, marbles: Auburn, Blue, Golden Yellow, Neon Dark Green, Terra Cotta, Maximum Blue, Light Orchid
21:29:02| Created - 21:29:01.206246: Large marble: 5-Star, marbles: Royal Blue, Blue, Silver Chalice, Emerald, Light Orchid, Pastel Blue, Antique Bronze
21:29:02| Created - 21:29:01.279294: Large marble: Winner, marbles: Russian Violet, Chinese Red, Brown, Brown, Liver Chestnut, Chinese Red, Lumber
21:29:02| Created - 21:29:01.353007: Large marble: Lucky, marbles: Purple, Royal Red, Lavender Blue, Platinum, Neon Pink, Green, Sage
21:29:02| Created - 21:29:01.424936: Large marble: 5-Star, marbles: Venetian Red, Safety Yellow, Safety Yellow, Orange Soda, Pastel Gray, Silver Chalice, Honeydew
21:29:02| Created - 21:29:01.498389: Large marble: 5-Star, marbles: Brink Pink, Black Coral, Emerald, Mint Green, Orange Soda, Royal Red, Pastel Gray
21:29:02| Created - 21:29:01.570893: Large marble: Apollo, marbles: Neon Pink, Honeydew, Dark Fuchsia, Pastel Blue, Thulian Pink, Indigo, Stop Red
21:29:02| Created - 21:29:01.644076: Large marble: 5-Star, marbles: Blue Bell, Slate Blue, Duke Blue, Purple, Icterine, Auburn, Pale Cerulean
21:29:02| Created - 21:29:01.715978: Large marble: Sure Shot, marbles: Ruby, Golden Yellow, Outrageous Orange, Mode Beige, Brink Pink, Maximum Purple, Isabelline
21:29:02| Created - 21:29:01.788959: Large marble: Spinner, marbles: Sage, Spanish Carmine, Stop Red, Liver Chestnut, Golden Yellow, Pale Plum, Russian Violet
21:29:02| Created - 21:29:01.860781: Large marble: Spinner, marbles: Maximum Violet, Zomp, Dark Fuchsia, Purple, Purple, Indigo, Platinum
21:29:02| Created - 21:29:01.932865: Large marble: Hercules, marbles: Lemon Lime, Middle Green, Royal Orange, Blue Bell, Royal Orange, Brink Pink, Middle Red Purple
21:29:02| Created - 21:29:02.005316: Large marble: Hercules, marbles: Honeydew, Orange Soda, Pastel Gray, Mimi Pink, Rose Dust, Spanish Pink, Royal Blue
21:29:02| Created - 21:29:02.078464: Large marble: Lucky, marbles: Light Orchid, Royal Orange, Pale Cerulean, Pale Goldenrod, Green, Mode Beige, Pale Cerulean
21:29:02| Created - 21:29:02.150960: Large marble: Big Joe, marbles: Icterine, Lumber, Venetian Red, Arylide Yellow, Mint Cream, Ruby, Ivory
21:29:02| Total gifts created: 142
21:29:02| Total time = 11.74628930
