16:17:41| ****************************************
16:17:41| Part 1
16:17:41| 
16:17:41| File: ./mazes/very-small.bmp
16:17:41| Drawing commands to solve = 104
16:17:45| Found path has length     = 11
16:17:45| 
16:17:45| File: ./mazes/very-small-loops.bmp
16:17:45| Drawing commands to solve = 344
16:17:56| Found path has length     = 55
16:17:56| 
16:17:56| File: ./mazes/small.bmp
16:17:56| Drawing commands to solve = 2368
16:19:08| Found path has length     = 79
16:19:08| 
16:19:08| File: ./mazes/small-loops.bmp
16:19:08| Drawing commands to solve = 2192
16:20:10| Found path has length     = 171
16:20:10| 
16:20:10| File: ./mazes/small-odd.bmp
16:20:10| Drawing commands to solve = 2064
16:21:06| Found path has length     = 83
16:21:06| 
16:21:06| File: ./mazes/small-open.bmp
16:21:06| Drawing commands to solve = 2168
16:22:08| Found path has length     = 373
16:22:08| 
16:22:08| File: ./mazes/large.bmp
16:22:08| Drawing commands to solve = 43072
16:24:55| Found path has length     = 1299
16:24:55| 
16:24:55| File: ./mazes/large-loops.bmp
16:24:55| Drawing commands to solve = 35900
16:24:57| Found path has length     = 1035
16:24:57| ****************************************
