13:51:36| ****************************************
13:51:36| Part 2
13:51:36| 
13:51:36| File: ./mazes/very-small.bmp
13:51:36| Number of drawing commands = 88
13:51:36| Number of threads created  = 0
13:51:39| 
13:51:39| File: ./mazes/very-small-loops.bmp
13:51:39| Number of drawing commands = 308
13:51:39| Number of threads created  = 0
13:51:40| 
13:51:40| File: ./mazes/small.bmp
13:51:40| Number of drawing commands = 1792
13:51:40| Number of threads created  = 0
13:51:41| 
13:51:41| File: ./mazes/small-loops.bmp
13:51:41| Number of drawing commands = 2044
13:51:41| Number of threads created  = 0
13:51:45| 
13:51:45| File: ./mazes/small-odd.bmp
13:51:45| Number of drawing commands = 1912
13:51:45| Number of threads created  = 0
13:51:45| 
13:51:45| File: ./mazes/small-open.bmp
