15:23:54| ****************************************
15:23:54| Part 2
15:23:54| 
15:23:54| File: ./mazes/very-small.bmp
15:23:54| Number of drawing commands = 80
15:23:54| Number of threads created  = 5
15:24:00| 
15:24:00| File: ./mazes/very-small-loops.bmp
15:24:00| Number of drawing commands = 322
15:24:00| Number of threads created  = 13
15:24:10| 
15:24:10| File: ./mazes/small.bmp
15:24:10| Number of drawing commands = 1684
15:24:10| Number of threads created  = 39
15:24:51| 
15:24:51| File: ./mazes/small-loops.bmp
15:24:51| Number of drawing commands = 2016
15:24:51| Number of threads created  = 62
15:24:56| 
15:24:56| File: ./mazes/small-odd.bmp
15:24:56| Number of drawing commands = 2146
15:24:56| Number of threads created  = 300
15:25:10| 
15:25:10| File: ./mazes/small-open.bmp
15:25:10| Number of drawing commands = 2510
15:25:10| Number of threads created  = 546
15:25:28| 
15:25:28| File: ./mazes/large.bmp
15:25:29| Number of drawing commands = 30920
15:25:29| Number of threads created  = 707
15:26:06| 
15:26:06| File: ./mazes/large-loops.bmp
15:26:07| Number of drawing commands = 32708
15:26:07| Number of threads created  = 1010
15:26:56| 
15:26:56| File: ./mazes/large-squares.bmp
15:26:56| Number of drawing commands = 32602
15:26:56| Number of threads created  = 1388
15:27:44| 
15:27:44| File: ./mazes/large-open.bmp
15:27:44| Number of drawing commands = 7299
15:27:44| Number of threads created  = 1024
15:27:56| ****************************************
