21:49:18| --------------------------------------------------------------------------------
21:49:18| Primes: 0
21:49:18|  
21:49:18| --------------------------------------------------------------------------------
21:49:18| Words: 0
21:49:18|  
21:49:18| --------------------------------------------------------------------------------
21:49:18| Uppercase: 0
21:49:18|  
21:49:18| --------------------------------------------------------------------------------
21:49:18| Sums: 0
21:49:18|  
21:49:18| --------------------------------------------------------------------------------
21:49:18| Names: 0
21:49:18|  
21:49:18| Number of Primes tasks: 0
21:49:18| Number of Words tasks: 0
21:49:18| Number of Uppercase tasks: 0
21:49:18| Number of Sums tasks: 0
21:49:18| Number of Names tasks: 0
21:49:18| Total time to process 0 tasks = 0.93199520
