22:02:23| --------------------------------------------------------------------------------
22:02:23| Primes: 1
22:02:23| 9638760730083 is not prime
22:02:23|  
22:02:23| --------------------------------------------------------------------------------
22:02:23| Words: 1
22:02:23| amusement Found
22:02:23|  
22:02:23| --------------------------------------------------------------------------------
22:02:23| Uppercase: 1
22:02:23| inject ==> INJECT
22:02:23|  
22:02:23| --------------------------------------------------------------------------------
22:02:23| Sums: 1
22:02:23| sum of all numbers from 424 to 694,818 = 241,386,284,295
22:02:23|  
22:02:23| --------------------------------------------------------------------------------
22:02:23| Names: 1
22:02:23| http://127.0.0.1:8790/people/2/ has name C-3PO
22:02:23|  
22:02:23| Number of Primes tasks: 1
22:02:23| Number of Words tasks: 1
22:02:23| Number of Uppercase tasks: 1
22:02:23| Number of Sums tasks: 1
22:02:23| Number of Names tasks: 1
22:02:23| Total time to process 5 tasks = 1.81670890
