21:44:57| --------------------------------------------------------------------------------
21:44:57| Primes: 0
21:44:57|  
21:44:57| --------------------------------------------------------------------------------
21:44:57| Words: 0
21:44:57|  
21:44:57| --------------------------------------------------------------------------------
21:44:57| Uppercase: 0
21:44:57|  
21:44:57| --------------------------------------------------------------------------------
21:44:57| Sums: 0
21:44:57|  
21:44:57| --------------------------------------------------------------------------------
21:44:57| Names: 0
21:44:57|  
21:44:57| Number of Primes tasks: 0
21:44:57| Number of Words tasks: 0
21:44:57| Number of Uppercase tasks: 0
21:44:57| Number of Sums tasks: 0
21:44:57| Number of Names tasks: 0
21:44:57| Total time to process 0 tasks = 0.00650140
