21:55:29| --------------------------------------------------------------------------------
21:55:29| Primes: 1
21:55:29| 9638760730083 is not prime
21:55:29|  
21:55:29| --------------------------------------------------------------------------------
21:55:29| Words: 1
21:55:29| amusement Found
21:55:29|  
21:55:29| --------------------------------------------------------------------------------
21:55:29| Uppercase: 1
21:55:29| inject ==> INJECT
21:55:29|  
21:55:29| --------------------------------------------------------------------------------
21:55:29| Sums: 1
21:55:29| sum of all numbers from 424 to 694,818 = 241,386,284,295
21:55:29|  
21:55:29| --------------------------------------------------------------------------------
21:55:29| Names: 1
21:55:29| http://127.0.0.1:8790/people/2/ has name C-3PO
21:55:29|  
21:55:29| Number of Primes tasks: 1
21:55:29| Number of Words tasks: 1
21:55:29| Number of Uppercase tasks: 1
21:55:29| Number of Sums tasks: 1
21:55:29| Number of Names tasks: 1
21:55:29| Total time to process 5 tasks = 1.80020010
