22:03:05| --------------------------------------------------------------------------------
22:03:05| Primes: 1
22:03:05| 9638760730083 is not prime
22:03:05|  
22:03:05| --------------------------------------------------------------------------------
22:03:05| Words: 1
22:03:05| amusement Found
22:03:05|  
22:03:05| --------------------------------------------------------------------------------
22:03:05| Uppercase: 1
22:03:05| inject ==> INJECT
22:03:05|  
22:03:05| --------------------------------------------------------------------------------
22:03:05| Sums: 1
22:03:05| sum of all numbers from 424 to 694,818 = 241,386,284,295
22:03:05|  
22:03:05| --------------------------------------------------------------------------------
22:03:05| Names: 1
22:03:05| http://127.0.0.1:8790/people/2/ has name C-3PO
22:03:05|  
22:03:05| Number of Primes tasks: 1
22:03:05| Number of Words tasks: 1
22:03:05| Number of Uppercase tasks: 1
22:03:05| Number of Sums tasks: 1
22:03:05| Number of Names tasks: 1
22:03:05| Total time to process 5 tasks = 2.59886670
