22:02:47| --------------------------------------------------------------------------------
22:02:47| Primes: 1
22:02:47| 9638760730083 is not prime
22:02:47|  
22:02:47| --------------------------------------------------------------------------------
22:02:47| Words: 1
22:02:47| amusement Found
22:02:47|  
22:02:47| --------------------------------------------------------------------------------
22:02:47| Uppercase: 1
22:02:47| inject ==> INJECT
22:02:47|  
22:02:47| --------------------------------------------------------------------------------
22:02:47| Sums: 1
22:02:47| sum of all numbers from 424 to 694,818 = 241,386,284,295
22:02:47|  
22:02:47| --------------------------------------------------------------------------------
22:02:47| Names: 1
22:02:47| http://127.0.0.1:8790/people/2/ has name C-3PO
22:02:47|  
22:02:47| Number of Primes tasks: 1
22:02:47| Number of Words tasks: 1
22:02:47| Number of Uppercase tasks: 1
22:02:47| Number of Sums tasks: 1
22:02:47| Number of Names tasks: 1
22:02:47| Total time to process 5 tasks = 2.37855050
