21:53:46| --------------------------------------------------------------------------------
21:53:46| Primes: 0
21:53:46|  
21:53:46| --------------------------------------------------------------------------------
21:53:46| Words: 0
21:53:46|  
21:53:46| --------------------------------------------------------------------------------
21:53:46| Uppercase: 0
21:53:46|  
21:53:46| --------------------------------------------------------------------------------
21:53:46| Sums: 0
21:53:46|  
21:53:46| --------------------------------------------------------------------------------
21:53:46| Names: 0
21:53:46|  
21:53:46| Number of Primes tasks: 0
21:53:46| Number of Words tasks: 0
21:53:46| Number of Uppercase tasks: 0
21:53:46| Number of Sums tasks: 0
21:53:46| Number of Names tasks: 0
21:53:46| Total time to process 0 tasks = 0.85514560
