21:59:44| 

21:59:44| #############################################
21:59:44| Depth First Search: 6 generations
21:59:44| #############################################
21:59:58| 14.06497430
21:59:59| 


21:59:59| ************* TREE DISPLAY *************
21:59:59| Family id: 5008438436
21:59:59|   Husband: Theodore, 24-6-1971
21:59:59|   Wife: Addison, 13-5-1901
21:59:59|   Husband Parents: None
21:59:59|   Wife Parents: None
21:59:59|   Children: Ellie, Luna
21:59:59| Family id: 4966353127
21:59:59|   Husband: Anthony, 5-10-2013
21:59:59|   Wife: Scarlett, 23-6-1856
21:59:59|   Husband Parents: Owen and Camila
21:59:59|   Wife Parents: None
21:59:59|   Children: Leah, Josiah, Scarlett, Camila, Addison, Abigail, Hudson, Wyatt, Alexander
21:59:59| Family id: 5025293862
21:59:59|   Husband: Alexander, 17-9-1775
21:59:59|   Wife: Hannah, 10-4-1948
21:59:59|   Husband Parents: Anthony and Scarlett
21:59:59|   Wife Parents: None
21:59:59|   Children: Charlotte, Audrey, Ethan, Mila, Zoey, Zoey, Andrew, Daniel, Hudson
21:59:59| Family id: 4942355132
21:59:59|   Husband: Henry, 8-1-1757
21:59:59|   Wife: Emily, 1-8-2003
21:59:59|   Husband Parents: None
21:59:59|   Wife Parents: None
21:59:59|   Children: Violet, Mateo, Aiden, Oliver, Nora, Sofia, Elijah, Willow
21:59:59| Family id: 4950785405
21:59:59|   Husband: Wyatt, 20-5-1788
21:59:59|   Wife: Avery, 13-7-1870
21:59:59|   Husband Parents: Ezra and Emilia
21:59:59|   Wife Parents: Owen and Lucy
21:59:59|   Children: Audrey, Henry, Olivia, Isabella, Sofia, Ella, Jayden, Andrew, Sophia
21:59:59| Family id: 4933137395
21:59:59|   Husband: Wyatt, 1-8-1896
21:59:59|   Wife: Addison, 30-11-1758
21:59:59|   Husband Parents: None
21:59:59|   Wife Parents: None
21:59:59|   Children: Eleanor, Lucas, Sophia, Lucy, Victoria, Lucy, Willow, Harper, Mason
21:59:59| Family id: 4900269823
21:59:59|   Husband: Jackson, 9-5-1888
21:59:59|   Wife: Willow, 7-8-1824
21:59:59|   Husband Parents: None
21:59:59|   Wife Parents: None
21:59:59|   Children: Sebastian, Jacob, Elijah, Eleanor, Lucy, Leah, Bella, Eleanor, Ezra
21:59:59| Family id: 4959208510
21:59:59|   Husband: Ezra, 16-8-1799
21:59:59|   Wife: Emilia, 10-1-1905
21:59:59|   Husband Parents: Jackson and Willow
21:59:59|   Wife Parents: Thomas and Ella
21:59:59|   Children: Alexander, Scarlett, David, Aurora, Jayden, Mia, Wyatt
21:59:59| Family id: 4925301562
21:59:59|   Husband: Thomas, 30-4-1921
21:59:59|   Wife: Luna, 10-11-1775
21:59:59|   Husband Parents: None
21:59:59|   Wife Parents: None
21:59:59|   Children: Ethan, Layla, Isaac, Owen
21:59:59| Family id: 4917139577
21:59:59|   Husband: Owen, 31-12-1774
21:59:59|   Wife: Lucy, 4-6-1973
21:59:59|   Husband Parents: Thomas and Luna
21:59:59|   Wife Parents: Jacob and Scarlett
21:59:59|   Children: Alexander, Evelyn, Benjamin, Madison, Jayden, Elizabeth, Aiden, Avery
21:59:59| Family id: 4908708280
21:59:59|   Husband: Thomas, 30-1-1884
21:59:59|   Wife: Ella, 29-9-2016
21:59:59|   Husband Parents: None
21:59:59|   Wife Parents: None
21:59:59|   Children: Grace, Zoe, Olivia, Elizabeth, Everly, Noah, Lucy, Emilia
21:59:59| Family id: 5050928233
21:59:59|   Husband: Mason, 1-10-1924
21:59:59|   Wife: Scarlett, 25-3-1769
21:59:59|   Husband Parents: None
21:59:59|   Wife Parents: None
21:59:59|   Children: Stella, Owen, Josiah, Oliver, John, Camila
21:59:59| Family id: 4866210283
21:59:59|   Husband: Theodore, 18-2-1868
21:59:59|   Wife: Zoe, 20-5-1795
21:59:59|   Husband Parents: None
21:59:59|   Wife Parents: None
21:59:59|   Children: Gabriel, Penelope, Jayden, Hazel, Wyatt, Andrew, Bella, Emma, Lincoln
21:59:59| Family id: 5033280239
21:59:59|   Husband: Noah, 23-8-1866
21:59:59|   Wife: Camila, 6-11-2013
21:59:59|   Husband Parents: None
21:59:59|   Wife Parents: Mason and Scarlett
21:59:59|   Children: Leah, Aiden, Aubrey, Thomas
21:59:59| Family id: 5059368746
21:59:59|   Husband: Lincoln, 11-7-1895
21:59:59|   Wife: Zoey, 5-12-1944
21:59:59|   Husband Parents: Theodore and Zoe
21:59:59|   Wife Parents: Dylan and Camila
21:59:59|   Children: Nora, Layla, Jaxon, Samuel, Mila
21:59:59| Family id: 4874633396
21:59:59|   Husband: Dylan, 14-4-1779
21:59:59|   Wife: Camila, 23-9-1993
21:59:59|   Husband Parents: None
21:59:59|   Wife Parents: None
21:59:59|   Children: Charlotte, Ezra, Victoria, Zoe, Zoey
21:59:59| Family id: 4883065717
21:59:59|   Husband: Logan, 1-2-1801
21:59:59|   Wife: Sophia, 26-12-1847
21:59:59|   Husband Parents: Noah and Camila
21:59:59|   Wife Parents: Wyatt and Avery
21:59:59|   Children: Isabella, Jaxon, John, Penelope
21:59:59| Family id: 4832564471
21:59:59|   Husband: Christopher, 18-5-1814
21:59:59|   Wife: Aubrey, 1-1-1809
21:59:59|   Husband Parents: Samuel and Victoria
21:59:59|   Wife Parents: Oliver and Luna
21:59:59|   Children: Victoria, Lillian, Matthew, Zoe, Noah
21:59:59| Family id: 4974793632
21:59:59|   Husband: Owen, 25-4-2008
21:59:59|   Wife: Camila, 28-12-1865
21:59:59|   Husband Parents: Benjamin and Olivia
21:59:59|   Wife Parents: None
21:59:59|   Children: Nora, Andrew, Sofia, Mila, Hudson, Michael, Aria, Anthony
21:59:59| Family id: 4840996784
21:59:59|   Husband: Samuel, 3-4-1774
21:59:59|   Wife: Victoria, 12-1-1872
21:59:59|   Husband Parents: None
21:59:59|   Wife Parents: None
21:59:59|   Children: Dylan, Christopher, Hudson, Everly, Avery, Christopher
21:59:59| Family id: 4891243062
21:59:59|   Husband: Noah, 28-2-2011
21:59:59|   Wife: Camila, 28-12-1869
21:59:59|   Husband Parents: Christopher and Aubrey
21:59:59|   Wife Parents: None
21:59:59|   Children: Leah, Abigail, Matthew, Logan
21:59:59| Family id: 4983224929
21:59:59|   Husband: Benjamin, 26-12-1817
21:59:59|   Wife: Olivia, 20-7-1799
21:59:59|   Husband Parents: None
21:59:59|   Wife Parents: None
21:59:59|   Children: Audrey, Isaac, Luke, Mila, Noah, Lucas, Owen
21:59:59| Family id: 5285885765
21:59:59|   Husband: James, 29-7-1885
21:59:59|   Wife: Leah, 13-9-1862
21:59:59|   Husband Parents: David and Emilia
21:59:59|   Wife Parents: None
21:59:59|   Children: Leo, Lucas, Luke, Layla, Wyatt, Ellie, Jaxon, Jayden
21:59:59| Family id: 5294317062
21:59:59|   Husband: David, 3-12-1855
21:59:59|   Wife: Emilia, 15-2-1884
21:59:59|   Husband Parents: Gabriel and Mia
21:59:59|   Wife Parents: Asher and Evelyn
21:59:59|   Children: Liam, Julian, Charlotte, Hazel, Violet, Josiah, James
21:59:59| Family id: 5235630279
21:59:59|   Husband: Gabriel, 13-7-1916
21:59:59|   Wife: Mia, 27-12-1907
21:59:59|   Husband Parents: Jaxon and Ava
21:59:59|   Wife Parents: Mason and Aurora
21:59:59|   Children: Theodore, Dylan, David
21:59:59| Family id: 5244849024
21:59:59|   Husband: Jaxon, 12-5-1985
21:59:59|   Wife: Ava, 17-12-1847
21:59:59|   Husband Parents: None
21:59:59|   Wife Parents: None
21:59:59|   Children: Olivia, Jacob, Gabriel
21:59:59| Family id: 5261718786
21:59:59|   Husband: Asher, 3-5-1817
21:59:59|   Wife: Evelyn, 4-11-1873
21:59:59|   Husband Parents: David and Emilia
21:59:59|   Wife Parents: None
21:59:59|   Children: Levi, Theodore, Luna, Elizabeth, Noah, Everly, Charlotte, Emilia
21:59:59| Family id: 5253288513
21:59:59|   Husband: Mason, 11-3-1911
21:59:59|   Wife: Aurora, 27-2-1987
21:59:59|   Husband Parents: None
21:59:59|   Wife Parents: None
21:59:59|   Children: Luna, Eleanor, Julian, Bella, Jaxon, Logan, Levi, Mia
21:59:59| Family id: 5336997827
21:59:59|   Husband: David, 12-6-1981
21:59:59|   Wife: Emilia, 10-4-1821
21:59:59|   Husband Parents: None
21:59:59|   Wife Parents: None
21:59:59|   Children: Sophia, Bella, Penelope, Luna, Asher
21:59:59| Family id: 4849157745
21:59:59|   Husband: Oliver, 27-2-1989
21:59:59|   Wife: Luna, 18-1-1900
21:59:59|   Husband Parents: None
21:59:59|   Wife Parents: None
21:59:59|   Children: Isabella, Aubrey, Asher, Lucy, Wyatt, Jack, Liam, Aubrey
21:59:59| Family id: 5362028558
21:59:59|   Husband: Ezra, 16-5-1810
21:59:59|   Wife: Ella, 30-7-1857
21:59:59|   Husband Parents: Asher and Violet
21:59:59|   Wife Parents: Jackson and Hannah
21:59:59|   Children: Layla, Logan, Mason, Ava, Stella, Lillian, Everly, Elizabeth, Dylan
21:59:59| Family id: 5303352015
21:59:59|   Husband: Asher, 6-5-1780
21:59:59|   Wife: Violet, 26-6-1899
21:59:59|   Husband Parents: None
21:59:59|   Wife Parents: None
21:59:59|   Children: Christopher, Henry, Olivia, Madison, Carter, Ezra
21:59:59| Family id: 5328375562
21:59:59|   Husband: Alexander, 30-11-1870
21:59:59|   Wife: Ellie, 22-1-1871
21:59:59|   Husband Parents: None
21:59:59|   Wife Parents: None
21:59:59|   Children: Chloe, Lucas, Madison, Penelope, Leo, Andrew, Aubrey, Joshua, Gabriel
21:59:59| Family id: 5269276155
21:59:59|   Husband: Jacob, 18-2-1881
21:59:59|   Wife: Scarlett, 21-8-1791
21:59:59|   Husband Parents: None
21:59:59|   Wife Parents: None
21:59:59|   Children: Julian, Aiden, Natalie, Victoria, Harper, Lucy
21:59:59| Family id: 5320205385
21:59:59|   Husband: Gabriel, 26-8-1879
21:59:59|   Wife: Grace, 1-3-1943
21:59:59|   Husband Parents: Alexander and Ellie
21:59:59|   Wife Parents: Ethan and Riley
21:59:59|   Children: Owen, James, Aiden, Everly, Charlotte
21:59:59| Family id: 5135487435
21:59:59|   Husband: Ethan, 14-12-2013
21:59:59|   Wife: Riley, 22-7-1802
21:59:59|   Husband Parents: None
21:59:59|   Wife Parents: None
21:59:59|   Children: Noah, Emilia, Carter, Grace
21:59:59| Family id: 5311782280
21:59:59|   Husband: Jackson, 5-1-1753
21:59:59|   Wife: Hannah, 9-1-1976
21:59:59|   Husband Parents: None
21:59:59|   Wife Parents: None
21:59:59|   Children: Leo, Emilia, Abigail, Noah, Sophia, Addison, Ella
21:59:59| 
21:59:59| Number of people                    : 288
21:59:59| Number of families                  : 37
21:59:59| Max generations                     : 1
21:59:59| People connected to starting family : 4
21:59:59| 
21:59:59| total_time                    : 14.06497
21:59:59| Generations                   : 6
21:59:59| People % Families / second    : 23.10705
21:59:59| 
21:59:59| STATS        Retrieved | Server details
21:59:59| People  :          288 |            452
21:59:59| Families:           37 |             63
21:59:59| API Calls            : 532
21:59:59| Max number of threads: 50
21:59:59| 

21:59:59| #############################################
21:59:59| Breadth First Search: 2 generations
21:59:59| #############################################
22:00:01| 1.80074900
22:00:01| 


22:00:01| ************* TREE DISPLAY *************
22:00:01| Family id: 5008438436
22:00:01|   Husband: Sebastian, 8-12-1825
22:00:01|   Wife: Leah, 30-1-1828
22:00:01|   Husband Parents: Elijah and Isabella
22:00:01|   Wife Parents: Owen and Eleanor
22:00:01|   Children: Gabriel, Nora, Carter, Andrew
22:00:01| Family id: 5025293862
22:00:01|   Husband: Owen, 16-7-1882
22:00:01|   Wife: Eleanor, 15-3-1771
22:00:01|   Husband Parents: None
22:00:01|   Wife Parents: None
22:00:01|   Children: Charlotte, Ezra, Leah
22:00:01| Family id: 5016870757
22:00:01|   Husband: Elijah, 12-3-1885
22:00:01|   Wife: Isabella, 15-12-1943
22:00:01|   Husband Parents: None
22:00:01|   Wife Parents: None
22:00:01|   Children: Nora, Jayden, Gabriel, Audrey, James, Daniel, Violet, Sebastian
22:00:01| 
22:00:01| Number of people                    : 19
22:00:01| Number of families                  : 3
22:00:01| Max generations                     : 2
22:00:01| People connected to starting family : 19
22:00:01| 
22:00:01| total_time                    : 1.80075
22:00:01| Generations                   : 2
22:00:01| People % Families / second    : 12.21714
22:00:01| 
22:00:01| STATS        Retrieved | Server details
22:00:01| People  :           19 |             19
22:00:01| Families:            3 |              3
22:00:01| API Calls            : 36
22:00:01| Max number of threads: 9
22:00:01| 

22:00:01| #############################################
22:00:01| Breadth First Search limit 5: 2 generations
22:00:01| #############################################
22:00:04| 2.36089330
22:00:04| 


22:00:04| ************* TREE DISPLAY *************
22:00:04| Family id: 5008438436
22:00:04|   Husband: Mason, 25-1-1928
22:00:04|   Wife: Zoey, 19-12-1858
22:00:04|   Husband Parents: Matthew and Zoey
22:00:04|   Wife Parents: Jaxon and Violet
22:00:04|   Children: Olivia, Zoe
22:00:04| Family id: 5025293862
22:00:04|   Husband: Jaxon, 3-2-1972
22:00:04|   Wife: Violet, 30-6-1782
22:00:04|   Husband Parents: None
22:00:04|   Wife Parents: None
22:00:04|   Children: James, Lily, Zoey
22:00:04| Family id: 5016870757
22:00:04|   Husband: Matthew, 12-10-1768
22:00:04|   Wife: Zoey, 29-10-1992
22:00:04|   Husband Parents: None
22:00:04|   Wife Parents: None
22:00:04|   Children: Violet, Eleanor, Stella, John, Aria, Emilia, Ellie, Layla, Mason
22:00:04| 
22:00:04| Number of people                    : 18
22:00:04| Number of families                  : 3
22:00:04| Max generations                     : 2
22:00:04| People connected to starting family : 18
22:00:04| 
22:00:04| total_time                    : 2.36089
22:00:04| Generations                   : 2
22:00:04| People % Families / second    : 8.89494
22:00:04| 
22:00:04| STATS        Retrieved | Server details
22:00:04| People  :           18 |             18
22:00:04| Families:            3 |              3
22:00:04| API Calls            : 34
22:00:04| Max number of threads: 5
